<?xml version="1.0" encoding="UTF-8"?>
<testng-results ignored="0" total="2" passed="2" failed="0" skipped="0">
  <reporter-output>
  </reporter-output>
  <suite started-at="2023-03-10T11:01:24 IST" name="Default suite" finished-at="2023-03-10T11:01:26 IST" duration-ms="2084">
    <groups>
    </groups>
    <test started-at="2023-03-10T11:01:24 IST" name="Default test" finished-at="2023-03-10T11:01:26 IST" duration-ms="2084">
      <class name="com.phase3restassured.testAPIS">
        <test-method signature="testPOSTApiusingPOGO()[pri:1, instance:com.phase3restassured.testAPIS@5cde6747]" started-at="2023-03-10T11:01:24 IST" name="testPOSTApiusingPOGO" finished-at="2023-03-10T11:01:26 IST" duration-ms="1956" status="PASS">
          <reporter-output>
          </reporter-output>
        </test-method> <!-- testPOSTApiusingPOGO -->
        <test-method signature="testGETApi()[pri:2, instance:com.phase3restassured.testAPIS@5cde6747]" started-at="2023-03-10T11:01:26 IST" name="testGETApi" finished-at="2023-03-10T11:01:26 IST" duration-ms="101" status="PASS">
          <reporter-output>
          </reporter-output>
        </test-method> <!-- testGETApi -->
      </class> <!-- com.phase3restassured.testAPIS -->
    </test> <!-- Default test -->
  </suite> <!-- Default suite -->
</testng-results>
